     1 00000000                                 [FORMAT "WCOFF"]
     2 00000000                                 [INSTRSET "i486p"]
     3 00000000                                 [OPTIMIZE 1]
     4 00000000                                 [OPTION 1]
     5 00000000                                 [BITS 32]
     6 00000000                                 	EXTERN	_init_gdtidt
     7 00000000                                 	EXTERN	_init_pic
     8 00000000                                 	EXTERN	_io_sti
     9 00000000                                 	EXTERN	_fifo32_init
    10 00000000                                 	EXTERN	_init_pit
    11 00000000                                 	EXTERN	_init_keyboard
    12 00000000                                 	EXTERN	_enable_mouse
    13 00000000                                 	EXTERN	_io_out8
    14 00000000                                 	EXTERN	_memtest
    15 00000000                                 	EXTERN	_memman_init
    16 00000000                                 	EXTERN	_memman_free
    17 00000000                                 	EXTERN	_init_palette
    18 00000000                                 	EXTERN	_shtctl_init
    19 00000000                                 	EXTERN	_task_init
    20 00000000                                 	EXTERN	_task_run
    21 00000000                                 	EXTERN	_sheet_alloc
    22 00000000                                 	EXTERN	_memman_alloc_4k
    23 00000000                                 	EXTERN	_sheet_setbuf
    24 00000000                                 	EXTERN	_init_screen8
    25 00000000                                 	EXTERN	_make_window8
    26 00000000                                 	EXTERN	_make_textbox8
    27 00000000                                 	EXTERN	_task_alloc
    28 00000000                                 	EXTERN	_console_task
    29 00000000                                 	EXTERN	_timer_alloc
    30 00000000                                 	EXTERN	_timer_init
    31 00000000                                 	EXTERN	_timer_settime
    32 00000000                                 	EXTERN	_init_mouse_cursor8
    33 00000000                                 	EXTERN	_sheet_slide
    34 00000000                                 	EXTERN	_sheet_updown
    35 00000000                                 	EXTERN	_fifo32_put
    36 00000000                                 	EXTERN	_fifo32_status
    37 00000000                                 	EXTERN	_io_cli
    38 00000000                                 	EXTERN	_fifo32_get
    39 00000000                                 	EXTERN	_boxfill8
    40 00000000                                 	EXTERN	_sheet_refresh
    41 00000000                                 	EXTERN	_mouse_decode
    42 00000000                                 	EXTERN	_keytable0.0
    43 00000000                                 	EXTERN	_putfonts8_asc_sht
    44 00000000                                 	EXTERN	_wait_KBC_sendready
    45 00000000                                 	EXTERN	_make_wtitle8
    46 00000000                                 	EXTERN	_keytable1.1
    47 00000000                                 	EXTERN	_task_sleep
    48 00000000                                 [FILE "bootpack.c"]
    49                                          [SECTION .data]
    50 00000000                                 _keytable0.0:
    51 00000000 00                              	DB	0
    52 00000001 00                              	DB	0
    53 00000002 31                              	DB	49
    54 00000003 32                              	DB	50
    55 00000004 33                              	DB	51
    56 00000005 34                              	DB	52
    57 00000006 35                              	DB	53
    58 00000007 36                              	DB	54
    59 00000008 37                              	DB	55
    60 00000009 38                              	DB	56
    61 0000000A 39                              	DB	57
    62 0000000B 30                              	DB	48
    63 0000000C 2D                              	DB	45
    64 0000000D 5E                              	DB	94
    65 0000000E 00                              	DB	0
    66 0000000F 00                              	DB	0
    67 00000010 51                              	DB	81
    68 00000011 57                              	DB	87
    69 00000012 45                              	DB	69
    70 00000013 52                              	DB	82
    71 00000014 54                              	DB	84
    72 00000015 59                              	DB	89
    73 00000016 55                              	DB	85
    74 00000017 49                              	DB	73
    75 00000018 4F                              	DB	79
    76 00000019 50                              	DB	80
    77 0000001A 40                              	DB	64
    78 0000001B 5B                              	DB	91
    79 0000001C 00                              	DB	0
    80 0000001D 00                              	DB	0
    81 0000001E 41                              	DB	65
    82 0000001F 53                              	DB	83
    83 00000020 44                              	DB	68
    84 00000021 46                              	DB	70
    85 00000022 47                              	DB	71
    86 00000023 48                              	DB	72
    87 00000024 4A                              	DB	74
    88 00000025 4B                              	DB	75
    89 00000026 4C                              	DB	76
    90 00000027 3B                              	DB	59
    91 00000028 3A                              	DB	58
    92 00000029 00                              	DB	0
    93 0000002A 00                              	DB	0
    94 0000002B 5D                              	DB	93
    95 0000002C 5A                              	DB	90
    96 0000002D 58                              	DB	88
    97 0000002E 43                              	DB	67
    98 0000002F 56                              	DB	86
    99 00000030 42                              	DB	66
   100 00000031 4E                              	DB	78
   101 00000032 4D                              	DB	77
   102 00000033 2C                              	DB	44
   103 00000034 2E                              	DB	46
   104 00000035 2F                              	DB	47
   105 00000036 00                              	DB	0
   106 00000037 2A                              	DB	42
   107 00000038 00                              	DB	0
   108 00000039 20                              	DB	32
   109 0000003A 00                              	DB	0
   110 0000003B 00                              	DB	0
   111 0000003C 00                              	DB	0
   112 0000003D 00                              	DB	0
   113 0000003E 00                              	DB	0
   114 0000003F 00                              	DB	0
   115 00000040 00                              	DB	0
   116 00000041 00                              	DB	0
   117 00000042 00                              	DB	0
   118 00000043 00                              	DB	0
   119 00000044 00                              	DB	0
   120 00000045 00                              	DB	0
   121 00000046 00                              	DB	0
   122 00000047 37                              	DB	55
   123 00000048 38                              	DB	56
   124 00000049 39                              	DB	57
   125 0000004A 2D                              	DB	45
   126 0000004B 34                              	DB	52
   127 0000004C 35                              	DB	53
   128 0000004D 36                              	DB	54
   129 0000004E 2B                              	DB	43
   130 0000004F 31                              	DB	49
   131 00000050 32                              	DB	50
   132 00000051 33                              	DB	51
   133 00000052 30                              	DB	48
   134 00000053 2E                              	DB	46
   135 00000054 00                              	DB	0
   136 00000055 00                              	DB	0
   137 00000056 00                              	DB	0
   138 00000057 00                              	DB	0
   139 00000058 00                              	DB	0
   140 00000059 00                              	DB	0
   141 0000005A 00                              	DB	0
   142 0000005B 00                              	DB	0
   143 0000005C 00                              	DB	0
   144 0000005D 00                              	DB	0
   145 0000005E 00                              	DB	0
   146 0000005F 00                              	DB	0
   147 00000060 00                              	DB	0
   148 00000061 00                              	DB	0
   149 00000062 00                              	DB	0
   150 00000063 00                              	DB	0
   151 00000064 00                              	DB	0
   152 00000065 00                              	DB	0
   153 00000066 00                              	DB	0
   154 00000067 00                              	DB	0
   155 00000068 00                              	DB	0
   156 00000069 00                              	DB	0
   157 0000006A 00                              	DB	0
   158 0000006B 00                              	DB	0
   159 0000006C 00                              	DB	0
   160 0000006D 00                              	DB	0
   161 0000006E 00                              	DB	0
   162 0000006F 00                              	DB	0
   163 00000070 00                              	DB	0
   164 00000071 00                              	DB	0
   165 00000072 00                              	DB	0
   166 00000073 5C                              	DB	92
   167 00000074 00                              	DB	0
   168 00000075 00                              	DB	0
   169 00000076 00                              	DB	0
   170 00000077 00                              	DB	0
   171 00000078 00                              	DB	0
   172 00000079 00                              	DB	0
   173 0000007A 00                              	DB	0
   174 0000007B 00                              	DB	0
   175 0000007C 00                              	DB	0
   176 0000007D 5C                              	DB	92
   177 0000007E 00                              	DB	0
   178 0000007F 00                              	DB	0
   179 00000080                                 _keytable1.1:
   180 00000080 00                              	DB	0
   181 00000081 00                              	DB	0
   182 00000082 21                              	DB	33
   183 00000083 22                              	DB	34
   184 00000084 23                              	DB	35
   185 00000085 24                              	DB	36
   186 00000086 25                              	DB	37
   187 00000087 26                              	DB	38
   188 00000088 27                              	DB	39
   189 00000089 28                              	DB	40
   190 0000008A 29                              	DB	41
   191 0000008B 7E                              	DB	126
   192 0000008C 3D                              	DB	61
   193 0000008D 7E                              	DB	126
   194 0000008E 00                              	DB	0
   195 0000008F 00                              	DB	0
   196 00000090 51                              	DB	81
   197 00000091 57                              	DB	87
   198 00000092 45                              	DB	69
   199 00000093 52                              	DB	82
   200 00000094 54                              	DB	84
   201 00000095 59                              	DB	89
   202 00000096 55                              	DB	85
   203 00000097 49                              	DB	73
   204 00000098 4F                              	DB	79
   205 00000099 50                              	DB	80
   206 0000009A 60                              	DB	96
   207 0000009B 7B                              	DB	123
   208 0000009C 00                              	DB	0
   209 0000009D 00                              	DB	0
   210 0000009E 41                              	DB	65
   211 0000009F 53                              	DB	83
   212 000000A0 44                              	DB	68
   213 000000A1 46                              	DB	70
   214 000000A2 47                              	DB	71
   215 000000A3 48                              	DB	72
   216 000000A4 4A                              	DB	74
   217 000000A5 4B                              	DB	75
   218 000000A6 4C                              	DB	76
   219 000000A7 2B                              	DB	43
   220 000000A8 2A                              	DB	42
   221 000000A9 00                              	DB	0
   222 000000AA 00                              	DB	0
   223 000000AB 7D                              	DB	125
   224 000000AC 5A                              	DB	90
   225 000000AD 58                              	DB	88
   226 000000AE 43                              	DB	67
   227 000000AF 56                              	DB	86
   228 000000B0 42                              	DB	66
   229 000000B1 4E                              	DB	78
   230 000000B2 4D                              	DB	77
   231 000000B3 3C                              	DB	60
   232 000000B4 3E                              	DB	62
   233 000000B5 3F                              	DB	63
   234 000000B6 00                              	DB	0
   235 000000B7 2A                              	DB	42
   236 000000B8 00                              	DB	0
   237 000000B9 20                              	DB	32
   238 000000BA 00                              	DB	0
   239 000000BB 00                              	DB	0
   240 000000BC 00                              	DB	0
   241 000000BD 00                              	DB	0
   242 000000BE 00                              	DB	0
   243 000000BF 00                              	DB	0
   244 000000C0 00                              	DB	0
   245 000000C1 00                              	DB	0
   246 000000C2 00                              	DB	0
   247 000000C3 00                              	DB	0
   248 000000C4 00                              	DB	0
   249 000000C5 00                              	DB	0
   250 000000C6 00                              	DB	0
   251 000000C7 37                              	DB	55
   252 000000C8 38                              	DB	56
   253 000000C9 39                              	DB	57
   254 000000CA 2D                              	DB	45
   255 000000CB 34                              	DB	52
   256 000000CC 35                              	DB	53
   257 000000CD 36                              	DB	54
   258 000000CE 2B                              	DB	43
   259 000000CF 31                              	DB	49
   260 000000D0 32                              	DB	50
   261 000000D1 33                              	DB	51
   262 000000D2 30                              	DB	48
   263 000000D3 2E                              	DB	46
   264 000000D4 00                              	DB	0
   265 000000D5 00                              	DB	0
   266 000000D6 00                              	DB	0
   267 000000D7 00                              	DB	0
   268 000000D8 00                              	DB	0
   269 000000D9 00                              	DB	0
   270 000000DA 00                              	DB	0
   271 000000DB 00                              	DB	0
   272 000000DC 00                              	DB	0
   273 000000DD 00                              	DB	0
   274 000000DE 00                              	DB	0
   275 000000DF 00                              	DB	0
   276 000000E0 00                              	DB	0
   277 000000E1 00                              	DB	0
   278 000000E2 00                              	DB	0
   279 000000E3 00                              	DB	0
   280 000000E4 00                              	DB	0
   281 000000E5 00                              	DB	0
   282 000000E6 00                              	DB	0
   283 000000E7 00                              	DB	0
   284 000000E8 00                              	DB	0
   285 000000E9 00                              	DB	0
   286 000000EA 00                              	DB	0
   287 000000EB 00                              	DB	0
   288 000000EC 00                              	DB	0
   289 000000ED 00                              	DB	0
   290 000000EE 00                              	DB	0
   291 000000EF 00                              	DB	0
   292 000000F0 00                              	DB	0
   293 000000F1 00                              	DB	0
   294 000000F2 00                              	DB	0
   295 000000F3 5F                              	DB	95
   296 000000F4 00                              	DB	0
   297 000000F5 00                              	DB	0
   298 000000F6 00                              	DB	0
   299 000000F7 00                              	DB	0
   300 000000F8 00                              	DB	0
   301 000000F9 00                              	DB	0
   302 000000FA 00                              	DB	0
   303 000000FB 00                              	DB	0
   304 000000FC 00                              	DB	0
   305 000000FD 7C                              	DB	124
   306 000000FE 00                              	DB	0
   307 000000FF 00                              	DB	0
   308 00000100                                 LC0:
   309 00000100 63 6F 6E 73 6F 6C 65 00         	DB	"console",0x00
   310 00000108                                 LC1:
   311 00000108 74 61 73 6B 5F 61 00            	DB	"task_a",0x00
   312 0000010F                                 LC2:
   313 0000010F 20 00                           	DB	" ",0x00
   314                                          [SECTION .text]
   315 00000000                                 	GLOBAL	_HariMain
   316 00000000                                 _HariMain:
   317 00000000 55                              	PUSH	EBP
   318 00000001 89 E5                           	MOV	EBP,ESP
   319 00000003 57                              	PUSH	EDI
   320 00000004 56                              	PUSH	ESI
   321 00000005 53                              	PUSH	EBX
   322 00000006 81 EC 00000448                  	SUB	ESP,1096
   323 0000000C C7 85 FFFFFBBC 00000000         	MOV	DWORD [-1092+EBP],0
   324 00000016 C7 85 FFFFFBB8 00000000         	MOV	DWORD [-1096+EBP],0
   325 00000020 A0 00000FF1                     	MOV	AL,BYTE [4081]
   326 00000025 C0 F8 04                        	SAR	AL,4
   327 00000028 89 C2                           	MOV	EDX,EAX
   328 0000002A 83 E2 07                        	AND	EDX,7
   329 0000002D 89 95 FFFFFBB4                  	MOV	DWORD [-1100+EBP],EDX
   330 00000033 C7 85 FFFFFBB0 FFFFFFFF         	MOV	DWORD [-1104+EBP],-1
   331 0000003D E8 [00000000]                   	CALL	_init_gdtidt
   332 00000042 E8 [00000000]                   	CALL	_init_pic
   333 00000047 E8 [00000000]                   	CALL	_io_sti
   334 0000004C 8D 85 FFFFFD84                  	LEA	EAX,DWORD [-636+EBP]
   335 00000052 6A 00                           	PUSH	0
   336 00000054 50                              	PUSH	EAX
   337 00000055 8D 45 D4                        	LEA	EAX,DWORD [-44+EBP]
   338 00000058 68 00000080                     	PUSH	128
   339 0000005D 50                              	PUSH	EAX
   340 0000005E E8 [00000000]                   	CALL	_fifo32_init
   341 00000063 E8 [00000000]                   	CALL	_init_pit
   342 00000068 8D 55 D4                        	LEA	EDX,DWORD [-44+EBP]
   343 0000006B 68 00000100                     	PUSH	256
   344 00000070 52                              	PUSH	EDX
   345 00000071 E8 [00000000]                   	CALL	_init_keyboard
   346 00000076 8D 85 FFFFFCF4                  	LEA	EAX,DWORD [-780+EBP]
   347 0000007C 50                              	PUSH	EAX
   348 0000007D 8D 45 D4                        	LEA	EAX,DWORD [-44+EBP]
   349 00000080 68 00000200                     	PUSH	512
   350 00000085 50                              	PUSH	EAX
   351 00000086 E8 [00000000]                   	CALL	_enable_mouse
   352 0000008B 83 C4 24                        	ADD	ESP,36
   353 0000008E 68 000000F8                     	PUSH	248
   354 00000093 6A 21                           	PUSH	33
   355 00000095 E8 [00000000]                   	CALL	_io_out8
   356 0000009A 68 000000EF                     	PUSH	239
   357 0000009F 68 000000A1                     	PUSH	161
   358 000000A4 E8 [00000000]                   	CALL	_io_out8
   359 000000A9 8D 55 B4                        	LEA	EDX,DWORD [-76+EBP]
   360 000000AC 6A 00                           	PUSH	0
   361 000000AE 8D 85 FFFFFD04                  	LEA	EAX,DWORD [-764+EBP]
   362 000000B4 50                              	PUSH	EAX
   363 000000B5 6A 20                           	PUSH	32
   364 000000B7 52                              	PUSH	EDX
   365 000000B8 E8 [00000000]                   	CALL	_fifo32_init
   366 000000BD 83 C4 20                        	ADD	ESP,32
   367 000000C0 68 BFFFFFFF                     	PUSH	-1073741825
   368 000000C5 68 00400000                     	PUSH	4194304
   369 000000CA E8 [00000000]                   	CALL	_memtest
   370 000000CF 68 003C0000                     	PUSH	3932160
   371 000000D4 89 85 FFFFFBE0                  	MOV	DWORD [-1056+EBP],EAX
   372 000000DA E8 [00000000]                   	CALL	_memman_init
   373 000000DF 68 0009E000                     	PUSH	647168
   374 000000E4 68 00001000                     	PUSH	4096
   375 000000E9 68 003C0000                     	PUSH	3932160
   376 000000EE E8 [00000000]                   	CALL	_memman_free
   377 000000F3 8B 85 FFFFFBE0                  	MOV	EAX,DWORD [-1056+EBP]
   378 000000F9 2D 00400000                     	SUB	EAX,4194304
   379 000000FE 50                              	PUSH	EAX
   380 000000FF 68 00400000                     	PUSH	4194304
   381 00000104 68 003C0000                     	PUSH	3932160
   382 00000109 E8 [00000000]                   	CALL	_memman_free
   383 0000010E 83 C4 24                        	ADD	ESP,36
   384 00000111 E8 [00000000]                   	CALL	_init_palette
   385 00000116 0F BF 05 00000FF6               	MOVSX	EAX,WORD [4086]
   386 0000011D 50                              	PUSH	EAX
   387 0000011E 0F BF 05 00000FF4               	MOVSX	EAX,WORD [4084]
   388 00000125 50                              	PUSH	EAX
   389 00000126 FF 35 00000FF8                  	PUSH	DWORD [4088]
   390 0000012C 68 003C0000                     	PUSH	3932160
   391 00000131 E8 [00000000]                   	CALL	_shtctl_init
   392 00000136 68 003C0000                     	PUSH	3932160
   393 0000013B 89 C6                           	MOV	ESI,EAX
   394 0000013D E8 [00000000]                   	CALL	_task_init
   395 00000142 6A 02                           	PUSH	2
   396 00000144 6A 01                           	PUSH	1
   397 00000146 89 85 FFFFFBC8                  	MOV	DWORD [-1080+EBP],EAX
   398 0000014C 50                              	PUSH	EAX
   399 0000014D 89 45 EC                        	MOV	DWORD [-20+EBP],EAX
   400 00000150 E8 [00000000]                   	CALL	_task_run
   401 00000155 83 C4 20                        	ADD	ESP,32
   402 00000158 56                              	PUSH	ESI
   403 00000159 E8 [00000000]                   	CALL	_sheet_alloc
   404 0000015E 0F BF 15 00000FF6               	MOVSX	EDX,WORD [4086]
   405 00000165 89 85 FFFFFBD4                  	MOV	DWORD [-1068+EBP],EAX
   406 0000016B 0F BF 05 00000FF4               	MOVSX	EAX,WORD [4084]
   407 00000172 0F AF C2                        	IMUL	EAX,EDX
   408 00000175 50                              	PUSH	EAX
   409 00000176 68 003C0000                     	PUSH	3932160
   410 0000017B E8 [00000000]                   	CALL	_memman_alloc_4k
   411 00000180 6A FF                           	PUSH	-1
   412 00000182 89 C3                           	MOV	EBX,EAX
   413 00000184 0F BF 05 00000FF6               	MOVSX	EAX,WORD [4086]
   414 0000018B 50                              	PUSH	EAX
   415 0000018C 0F BF 05 00000FF4               	MOVSX	EAX,WORD [4084]
   416 00000193 50                              	PUSH	EAX
   417 00000194 53                              	PUSH	EBX
   418 00000195 FF B5 FFFFFBD4                  	PUSH	DWORD [-1068+EBP]
   419 0000019B E8 [00000000]                   	CALL	_sheet_setbuf
   420 000001A0 83 C4 20                        	ADD	ESP,32
   421 000001A3 0F BF 05 00000FF6               	MOVSX	EAX,WORD [4086]
   422 000001AA 50                              	PUSH	EAX
   423 000001AB 0F BF 05 00000FF4               	MOVSX	EAX,WORD [4084]
   424 000001B2 50                              	PUSH	EAX
   425 000001B3 53                              	PUSH	EBX
   426 000001B4 8D 9D FFFFFBF4                  	LEA	EBX,DWORD [-1036+EBP]
   427 000001BA E8 [00000000]                   	CALL	_init_screen8
   428 000001BF 56                              	PUSH	ESI
   429 000001C0 E8 [00000000]                   	CALL	_sheet_alloc
   430 000001C5 68 0004BA60                     	PUSH	309856
   431 000001CA 68 003C0000                     	PUSH	3932160
   432 000001CF 89 85 FFFFFBCC                  	MOV	DWORD [-1076+EBP],EAX
   433 000001D5 E8 [00000000]                   	CALL	_memman_alloc_4k
   434 000001DA 6A FF                           	PUSH	-1
   435 000001DC 68 000001A5                     	PUSH	421
   436 000001E1 89 85 FFFFFBD8                  	MOV	DWORD [-1064+EBP],EAX
   437 000001E7 68 000002E0                     	PUSH	736
   438 000001EC 50                              	PUSH	EAX
   439 000001ED FF B5 FFFFFBCC                  	PUSH	DWORD [-1076+EBP]
   440 000001F3 E8 [00000000]                   	CALL	_sheet_setbuf
   441 000001F8 83 C4 2C                        	ADD	ESP,44
   442 000001FB 6A 00                           	PUSH	0
   443 000001FD 68 [00000100]                   	PUSH	LC0
   444 00000202 68 000001A5                     	PUSH	421
   445 00000207 68 000002E0                     	PUSH	736
   446 0000020C FF B5 FFFFFBD8                  	PUSH	DWORD [-1064+EBP]
   447 00000212 E8 [00000000]                   	CALL	_make_window8
   448 00000217 6A 00                           	PUSH	0
   449 00000219 68 00000180                     	PUSH	384
   450 0000021E 68 000002D0                     	PUSH	720
   451 00000223 6A 1C                           	PUSH	28
   452 00000225 6A 08                           	PUSH	8
   453 00000227 FF B5 FFFFFBCC                  	PUSH	DWORD [-1076+EBP]
   454 0000022D E8 [00000000]                   	CALL	_make_textbox8
   455 00000232 83 C4 2C                        	ADD	ESP,44
   456 00000235 E8 [00000000]                   	CALL	_task_alloc
   457 0000023A 68 00010000                     	PUSH	65536
   458 0000023F 68 003C0000                     	PUSH	3932160
   459 00000244 89 85 FFFFFBC4                  	MOV	DWORD [-1084+EBP],EAX
   460 0000024A E8 [00000000]                   	CALL	_memman_alloc_4k
   461 0000024F 8B 95 FFFFFBC4                  	MOV	EDX,DWORD [-1084+EBP]
   462 00000255 05 0000FFEC                     	ADD	EAX,65516
   463 0000025A 89 42 64                        	MOV	DWORD [100+EDX],EAX
   464 0000025D C7 42 4C [00000000]             	MOV	DWORD [76+EDX],_console_task
   465 00000264 C7 42 74 00000008               	MOV	DWORD [116+EDX],8
   466 0000026B C7 42 78 00000010               	MOV	DWORD [120+EDX],16
   467 00000272 C7 42 7C 00000008               	MOV	DWORD [124+EDX],8
   468 00000279 C7 82 00000080 00000008         	MOV	DWORD [128+EDX],8
   469 00000283 C7 82 00000084 00000008         	MOV	DWORD [132+EDX],8
   470 0000028D C7 82 00000088 00000008         	MOV	DWORD [136+EDX],8
   471 00000297 8B 95 FFFFFBCC                  	MOV	EDX,DWORD [-1076+EBP]
   472 0000029D 89 50 04                        	MOV	DWORD [4+EAX],EDX
   473 000002A0 8B 95 FFFFFBC4                  	MOV	EDX,DWORD [-1084+EBP]
   474 000002A6 8B 42 64                        	MOV	EAX,DWORD [100+EDX]
   475 000002A9 8B 95 FFFFFBE0                  	MOV	EDX,DWORD [-1056+EBP]
   476 000002AF 89 50 08                        	MOV	DWORD [8+EAX],EDX
   477 000002B2 8B 95 FFFFFBC4                  	MOV	EDX,DWORD [-1084+EBP]
   478 000002B8 8B 42 64                        	MOV	EAX,DWORD [100+EDX]
   479 000002BB C7 40 0C 000002D0               	MOV	DWORD [12+EAX],720
   480 000002C2 8B 42 64                        	MOV	EAX,DWORD [100+EDX]
   481 000002C5 C7 40 10 00000180               	MOV	DWORD [16+EAX],384
   482 000002CC 6A 02                           	PUSH	2
   483 000002CE 6A 02                           	PUSH	2
   484 000002D0 52                              	PUSH	EDX
   485 000002D1 E8 [00000000]                   	CALL	_task_run
   486 000002D6 56                              	PUSH	ESI
   487 000002D7 E8 [00000000]                   	CALL	_sheet_alloc
   488 000002DC 68 00002080                     	PUSH	8320
   489 000002E1 68 003C0000                     	PUSH	3932160
   490 000002E6 89 C7                           	MOV	EDI,EAX
   491 000002E8 E8 [00000000]                   	CALL	_memman_alloc_4k
   492 000002ED 83 C4 20                        	ADD	ESP,32
   493 000002F0 6A FF                           	PUSH	-1
   494 000002F2 89 85 FFFFFBDC                  	MOV	DWORD [-1060+EBP],EAX
   495 000002F8 6A 34                           	PUSH	52
   496 000002FA 68 00000090                     	PUSH	144
   497 000002FF 50                              	PUSH	EAX
   498 00000300 57                              	PUSH	EDI
   499 00000301 E8 [00000000]                   	CALL	_sheet_setbuf
   500 00000306 6A 01                           	PUSH	1
   501 00000308 68 [00000108]                   	PUSH	LC1
   502 0000030D 6A 34                           	PUSH	52
   503 0000030F 68 00000090                     	PUSH	144
   504 00000314 FF B5 FFFFFBDC                  	PUSH	DWORD [-1060+EBP]
   505 0000031A E8 [00000000]                   	CALL	_make_window8
   506 0000031F 83 C4 28                        	ADD	ESP,40
   507 00000322 6A 07                           	PUSH	7
   508 00000324 6A 10                           	PUSH	16
   509 00000326 68 00000080                     	PUSH	128
   510 0000032B 6A 1C                           	PUSH	28
   511 0000032D 6A 08                           	PUSH	8
   512 0000032F 57                              	PUSH	EDI
   513 00000330 E8 [00000000]                   	CALL	_make_textbox8
   514 00000335 C7 85 FFFFFBE8 00000008         	MOV	DWORD [-1048+EBP],8
   515 0000033F C7 85 FFFFFBE4 00000007         	MOV	DWORD [-1052+EBP],7
   516 00000349 E8 [00000000]                   	CALL	_timer_alloc
   517 0000034E 6A 01                           	PUSH	1
   518 00000350 89 85 FFFFFBC0                  	MOV	DWORD [-1088+EBP],EAX
   519 00000356 8D 45 D4                        	LEA	EAX,DWORD [-44+EBP]
   520 00000359 50                              	PUSH	EAX
   521 0000035A FF B5 FFFFFBC0                  	PUSH	DWORD [-1088+EBP]
   522 00000360 E8 [00000000]                   	CALL	_timer_init
   523 00000365 83 C4 24                        	ADD	ESP,36
   524 00000368 6A 32                           	PUSH	50
   525 0000036A FF B5 FFFFFBC0                  	PUSH	DWORD [-1088+EBP]
   526 00000370 E8 [00000000]                   	CALL	_timer_settime
   527 00000375 56                              	PUSH	ESI
   528 00000376 E8 [00000000]                   	CALL	_sheet_alloc
   529 0000037B 6A 63                           	PUSH	99
   530 0000037D 6A 10                           	PUSH	16
   531 0000037F 6A 10                           	PUSH	16
   532 00000381 89 85 FFFFFBD0                  	MOV	DWORD [-1072+EBP],EAX
   533 00000387 53                              	PUSH	EBX
   534 00000388 50                              	PUSH	EAX
   535 00000389 E8 [00000000]                   	CALL	_sheet_setbuf
   536 0000038E 83 C4 20                        	ADD	ESP,32
   537 00000391 6A 63                           	PUSH	99
   538 00000393 53                              	PUSH	EBX
   539 00000394 BB 00000002                     	MOV	EBX,2
   540 00000399 E8 [00000000]                   	CALL	_init_mouse_cursor8
   541 0000039E 0F BF 05 00000FF4               	MOVSX	EAX,WORD [4084]
   542 000003A5 8D 48 F0                        	LEA	ECX,DWORD [-16+EAX]
   543 000003A8 89 C8                           	MOV	EAX,ECX
   544 000003AA 99                              	CDQ
   545 000003AB F7 FB                           	IDIV	EBX
   546 000003AD 89 85 FFFFFBF0                  	MOV	DWORD [-1040+EBP],EAX
   547 000003B3 0F BF 05 00000FF6               	MOVSX	EAX,WORD [4086]
   548 000003BA 6A 00                           	PUSH	0
   549 000003BC 8D 48 D4                        	LEA	ECX,DWORD [-44+EAX]
   550 000003BF 6A 00                           	PUSH	0
   551 000003C1 89 C8                           	MOV	EAX,ECX
   552 000003C3 99                              	CDQ
   553 000003C4 F7 FB                           	IDIV	EBX
   554 000003C6 FF B5 FFFFFBD4                  	PUSH	DWORD [-1068+EBP]
   555 000003CC 89 85 FFFFFBEC                  	MOV	DWORD [-1044+EBP],EAX
   556 000003D2 E8 [00000000]                   	CALL	_sheet_slide
   557 000003D7 6A 04                           	PUSH	4
   558 000003D9 6A 20                           	PUSH	32
   559 000003DB FF B5 FFFFFBCC                  	PUSH	DWORD [-1076+EBP]
   560 000003E1 E8 [00000000]                   	CALL	_sheet_slide
   561 000003E6 83 C4 20                        	ADD	ESP,32
   562 000003E9 6A 38                           	PUSH	56
   563 000003EB 6A 40                           	PUSH	64
   564 000003ED 57                              	PUSH	EDI
   565 000003EE E8 [00000000]                   	CALL	_sheet_slide
   566 000003F3 FF B5 FFFFFBEC                  	PUSH	DWORD [-1044+EBP]
   567 000003F9 FF B5 FFFFFBF0                  	PUSH	DWORD [-1040+EBP]
   568 000003FF FF B5 FFFFFBD0                  	PUSH	DWORD [-1072+EBP]
   569 00000405 E8 [00000000]                   	CALL	_sheet_slide
   570 0000040A 6A 00                           	PUSH	0
   571 0000040C FF B5 FFFFFBD4                  	PUSH	DWORD [-1068+EBP]
   572 00000412 E8 [00000000]                   	CALL	_sheet_updown
   573 00000417 83 C4 20                        	ADD	ESP,32
   574 0000041A 6A 01                           	PUSH	1
   575 0000041C FF B5 FFFFFBCC                  	PUSH	DWORD [-1076+EBP]
   576 00000422 E8 [00000000]                   	CALL	_sheet_updown
   577 00000427 6A 02                           	PUSH	2
   578 00000429 57                              	PUSH	EDI
   579 0000042A E8 [00000000]                   	CALL	_sheet_updown
   580 0000042F 6A 03                           	PUSH	3
   581 00000431 FF B5 FFFFFBD0                  	PUSH	DWORD [-1072+EBP]
   582 00000437 E8 [00000000]                   	CALL	_sheet_updown
   583 0000043C 8D 55 B4                        	LEA	EDX,DWORD [-76+EBP]
   584 0000043F 68 000000ED                     	PUSH	237
   585 00000444 52                              	PUSH	EDX
   586 00000445 E8 [00000000]                   	CALL	_fifo32_put
   587 0000044A 8D 45 B4                        	LEA	EAX,DWORD [-76+EBP]
   588 0000044D 83 C4 20                        	ADD	ESP,32
   589 00000450 FF B5 FFFFFBB4                  	PUSH	DWORD [-1100+EBP]
   590 00000456 50                              	PUSH	EAX
   591 00000457 E8 [00000000]                   	CALL	_fifo32_put
   592 0000045C 59                              	POP	ECX
   593 0000045D 5B                              	POP	EBX
   594 0000045E                                 L2:
   595 0000045E 8D 5D B4                        	LEA	EBX,DWORD [-76+EBP]
   596 00000461 53                              	PUSH	EBX
   597 00000462 E8 [00000000]                   	CALL	_fifo32_status
   598 00000467 5A                              	POP	EDX
   599 00000468 85 C0                           	TEST	EAX,EAX
   600 0000046A 7E 0D                           	JLE	L5
   601 0000046C 83 BD FFFFFBB0 00               	CMP	DWORD [-1104+EBP],0
   602 00000473 0F 88 00000611                  	JS	L57
   603 00000479                                 L5:
   604 00000479 8D 5D D4                        	LEA	EBX,DWORD [-44+EBP]
   605 0000047C E8 [00000000]                   	CALL	_io_cli
   606 00000481 53                              	PUSH	EBX
   607 00000482 E8 [00000000]                   	CALL	_fifo32_status
   608 00000487 5E                              	POP	ESI
   609 00000488 85 C0                           	TEST	EAX,EAX
   610 0000048A 0F 84 000005E4                  	JE	L58
   611 00000490 53                              	PUSH	EBX
   612 00000491 E8 [00000000]                   	CALL	_fifo32_get
   613 00000496 89 C6                           	MOV	ESI,EAX
   614 00000498 E8 [00000000]                   	CALL	_io_sti
   615 0000049D 5A                              	POP	EDX
   616 0000049E 8D 86 FFFFFF00                  	LEA	EAX,DWORD [-256+ESI]
   617 000004A4 3D 000000FF                     	CMP	EAX,255
   618 000004A9 0F 86 000001AC                  	JBE	L59
   619 000004AF 8D 86 FFFFFE00                  	LEA	EAX,DWORD [-512+ESI]
   620 000004B5 3D 000000FF                     	CMP	EAX,255
   621 000004BA 0F 86 000000C2                  	JBE	L60
   622 000004C0 83 FE 01                        	CMP	ESI,1
   623 000004C3 7F 99                           	JG	L2
   624 000004C5 85 F6                           	TEST	ESI,ESI
   625 000004C7 0F 84 00000088                  	JE	L50
   626 000004CD 6A 00                           	PUSH	0
   627 000004CF 53                              	PUSH	EBX
   628 000004D0 FF B5 FFFFFBC0                  	PUSH	DWORD [-1088+EBP]
   629 000004D6 E8 [00000000]                   	CALL	_timer_init
   630 000004DB 83 C4 0C                        	ADD	ESP,12
   631 000004DE 83 BD FFFFFBE4 00               	CMP	DWORD [-1052+EBP],0
   632 000004E5 78 0A                           	JS	L52
   633 000004E7 C7 85 FFFFFBE4 00000000         	MOV	DWORD [-1052+EBP],0
   634 000004F1                                 L52:
   635 000004F1 6A 32                           	PUSH	50
   636 000004F3 FF B5 FFFFFBC0                  	PUSH	DWORD [-1088+EBP]
   637 000004F9 E8 [00000000]                   	CALL	_timer_settime
   638 000004FE 58                              	POP	EAX
   639 000004FF 5A                              	POP	EDX
   640 00000500 83 BD FFFFFBE4 00               	CMP	DWORD [-1052+EBP],0
   641 00000507 0F 88 FFFFFF51                  	JS	L2
   642 0000050D 8B 85 FFFFFBE8                  	MOV	EAX,DWORD [-1048+EBP]
   643 00000513 6A 2B                           	PUSH	43
   644 00000515 83 C0 07                        	ADD	EAX,7
   645 00000518 50                              	PUSH	EAX
   646 00000519 6A 1C                           	PUSH	28
   647 0000051B FF B5 FFFFFBE8                  	PUSH	DWORD [-1048+EBP]
   648 00000521 0F B6 85 FFFFFBE4               	MOVZX	EAX,BYTE [-1052+EBP]
   649 00000528 50                              	PUSH	EAX
   650 00000529 FF 77 04                        	PUSH	DWORD [4+EDI]
   651 0000052C FF 37                           	PUSH	DWORD [EDI]
   652 0000052E E8 [00000000]                   	CALL	_boxfill8
   653 00000533 8B 85 FFFFFBE8                  	MOV	EAX,DWORD [-1048+EBP]
   654 00000539 6A 2C                           	PUSH	44
   655 0000053B 83 C0 08                        	ADD	EAX,8
   656 0000053E 50                              	PUSH	EAX
   657 0000053F 6A 1C                           	PUSH	28
   658 00000541 FF B5 FFFFFBE8                  	PUSH	DWORD [-1048+EBP]
   659 00000547 57                              	PUSH	EDI
   660 00000548 E8 [00000000]                   	CALL	_sheet_refresh
   661 0000054D 83 C4 30                        	ADD	ESP,48
   662 00000550 E9 FFFFFF09                     	JMP	L2
   663 00000555                                 L50:
   664 00000555 6A 01                           	PUSH	1
   665 00000557 53                              	PUSH	EBX
   666 00000558 FF B5 FFFFFBC0                  	PUSH	DWORD [-1088+EBP]
   667 0000055E E8 [00000000]                   	CALL	_timer_init
   668 00000563 83 C4 0C                        	ADD	ESP,12
   669 00000566 83 BD FFFFFBE4 00               	CMP	DWORD [-1052+EBP],0
   670 0000056D 0F 88 FFFFFF7E                  	JS	L52
   671 00000573 C7 85 FFFFFBE4 00000007         	MOV	DWORD [-1052+EBP],7
   672 0000057D E9 FFFFFF6F                     	JMP	L52
   673 00000582                                 L60:
   674 00000582 89 F2                           	MOV	EDX,ESI
   675 00000584 0F B6 C2                        	MOVZX	EAX,DL
   676 00000587 50                              	PUSH	EAX
   677 00000588 8D 85 FFFFFCF4                  	LEA	EAX,DWORD [-780+EBP]
   678 0000058E 50                              	PUSH	EAX
   679 0000058F E8 [00000000]                   	CALL	_mouse_decode
   680 00000594 59                              	POP	ECX
   681 00000595 5B                              	POP	EBX
   682 00000596 85 C0                           	TEST	EAX,EAX
   683 00000598 0F 84 FFFFFEC0                  	JE	L2
   684 0000059E 8B 85 FFFFFCFC                  	MOV	EAX,DWORD [-772+EBP]
   685 000005A4 8B 95 FFFFFCF8                  	MOV	EDX,DWORD [-776+EBP]
   686 000005AA 01 85 FFFFFBEC                  	ADD	DWORD [-1044+EBP],EAX
   687 000005B0 01 95 FFFFFBF0                  	ADD	DWORD [-1040+EBP],EDX
   688 000005B6 0F 88 00000090                  	JS	L61
   689 000005BC                                 L43:
   690 000005BC 83 BD FFFFFBEC 00               	CMP	DWORD [-1044+EBP],0
   691 000005C3 78 78                           	JS	L62
   692 000005C5                                 L44:
   693 000005C5 0F BF 05 00000FF4               	MOVSX	EAX,WORD [4084]
   694 000005CC 48                              	DEC	EAX
   695 000005CD 39 85 FFFFFBF0                  	CMP	DWORD [-1040+EBP],EAX
   696 000005D3 7E 06                           	JLE	L45
   697 000005D5 89 85 FFFFFBF0                  	MOV	DWORD [-1040+EBP],EAX
   698 000005DB                                 L45:
   699 000005DB 0F BF 05 00000FF6               	MOVSX	EAX,WORD [4086]
   700 000005E2 48                              	DEC	EAX
   701 000005E3 39 85 FFFFFBEC                  	CMP	DWORD [-1044+EBP],EAX
   702 000005E9 7E 06                           	JLE	L46
   703 000005EB 89 85 FFFFFBEC                  	MOV	DWORD [-1044+EBP],EAX
   704 000005F1                                 L46:
   705 000005F1 FF B5 FFFFFBEC                  	PUSH	DWORD [-1044+EBP]
   706 000005F7 FF B5 FFFFFBF0                  	PUSH	DWORD [-1040+EBP]
   707 000005FD FF B5 FFFFFBD0                  	PUSH	DWORD [-1072+EBP]
   708 00000603 E8 [00000000]                   	CALL	_sheet_slide
   709 00000608 83 C4 0C                        	ADD	ESP,12
   710 0000060B F7 85 FFFFFD00 00000001         	TEST	DWORD [-768+EBP],1
   711 00000615 0F 84 FFFFFE43                  	JE	L2
   712 0000061B 8B 85 FFFFFBEC                  	MOV	EAX,DWORD [-1044+EBP]
   713 00000621 83 E8 08                        	SUB	EAX,8
   714 00000624 50                              	PUSH	EAX
   715 00000625 8B 85 FFFFFBF0                  	MOV	EAX,DWORD [-1040+EBP]
   716 0000062B 83 E8 50                        	SUB	EAX,80
   717 0000062E 50                              	PUSH	EAX
   718 0000062F 57                              	PUSH	EDI
   719 00000630 E8 [00000000]                   	CALL	_sheet_slide
   720 00000635 83 C4 0C                        	ADD	ESP,12
   721 00000638 E9 FFFFFE21                     	JMP	L2
   722 0000063D                                 L62:
   723 0000063D C7 85 FFFFFBEC 00000000         	MOV	DWORD [-1044+EBP],0
   724 00000647 E9 FFFFFF79                     	JMP	L44
   725 0000064C                                 L61:
   726 0000064C C7 85 FFFFFBF0 00000000         	MOV	DWORD [-1040+EBP],0
   727 00000656 E9 FFFFFF61                     	JMP	L43
   728 0000065B                                 L59:
   729 0000065B 81 FE 0000017F                  	CMP	ESI,383
   730 00000661 0F 8F 00000404                  	JG	L9
   731 00000667 83 BD FFFFFBB8 00               	CMP	DWORD [-1096+EBP],0
   732 0000066E 0F 85 000003EC                  	JNE	L10
   733 00000674 8A 86 [FFFFFF00]                	MOV	AL,BYTE [_keytable0.0-256+ESI]
   734 0000067A                                 L56:
   735 0000067A 88 45 84                        	MOV	BYTE [-124+EBP],AL
   736 0000067D                                 L12:
   737 0000067D 8A 55 84                        	MOV	DL,BYTE [-124+EBP]
   738 00000680 8D 42 BF                        	LEA	EAX,DWORD [-65+EDX]
   739 00000683 3C 19                           	CMP	AL,25
   740 00000685 77 1D                           	JA	L13
   741 00000687 F7 85 FFFFFBB4 00000004         	TEST	DWORD [-1100+EBP],4
   742 00000691 0F 85 000003BA                  	JNE	L55
   743 00000697 83 BD FFFFFBB8 00               	CMP	DWORD [-1096+EBP],0
   744 0000069E 0F 84 000003A2                  	JE	L15
   745 000006A4                                 L13:
   746 000006A4 8A 45 84                        	MOV	AL,BYTE [-124+EBP]
   747 000006A7 84 C0                           	TEST	AL,AL
   748 000006A9 74 3C                           	JE	L17
   749 000006AB 83 BD FFFFFBBC 00               	CMP	DWORD [-1092+EBP],0
   750 000006B2 0F 85 0000036F                  	JNE	L18
   751 000006B8 83 BD FFFFFBE8 7F               	CMP	DWORD [-1048+EBP],127
   752 000006BF 7F 26                           	JG	L17
   753 000006C1 6A 01                           	PUSH	1
   754 000006C3 8D 45 84                        	LEA	EAX,DWORD [-124+EBP]
   755 000006C6 50                              	PUSH	EAX
   756 000006C7 6A 08                           	PUSH	8
   757 000006C9 6A 00                           	PUSH	0
   758 000006CB 6A 1C                           	PUSH	28
   759 000006CD FF B5 FFFFFBE8                  	PUSH	DWORD [-1048+EBP]
   760 000006D3 57                              	PUSH	EDI
   761 000006D4 C6 45 85 00                     	MOV	BYTE [-123+EBP],0
   762 000006D8 E8 [00000000]                   	CALL	_putfonts8_asc_sht
   763 000006DD 83 C4 1C                        	ADD	ESP,28
   764 000006E0 83 85 FFFFFBE8 08               	ADD	DWORD [-1048+EBP],8
   765 000006E7                                 L17:
   766 000006E7 81 FE 0000010E                  	CMP	ESI,270
   767 000006ED 0F 84 000002DB                  	JE	L63
   768 000006F3                                 L21:
   769 000006F3 81 FE 0000011C                  	CMP	ESI,284
   770 000006F9 0F 84 000002A7                  	JE	L64
   771 000006FF                                 L25:
   772 000006FF 81 FE 0000010F                  	CMP	ESI,271
   773 00000705 0F 84 00000188                  	JE	L65
   774 0000070B                                 L27:
   775 0000070B 81 FE 0000012A                  	CMP	ESI,298
   776 00000711 0F 84 00000170                  	JE	L66
   777 00000717                                 L30:
   778 00000717 81 FE 00000136                  	CMP	ESI,310
   779 0000071D 0F 84 00000158                  	JE	L67
   780 00000723                                 L31:
   781 00000723 81 FE 000001AA                  	CMP	ESI,426
   782 00000729 0F 84 00000140                  	JE	L68
   783 0000072F                                 L32:
   784 0000072F 81 FE 000001B6                  	CMP	ESI,438
   785 00000735 0F 84 00000128                  	JE	L69
   786 0000073B                                 L33:
   787 0000073B 81 FE 0000013A                  	CMP	ESI,314
   788 00000741 0F 84 000000F3                  	JE	L70
   789 00000747                                 L34:
   790 00000747 81 FE 00000145                  	CMP	ESI,325
   791 0000074D 0F 84 000000BE                  	JE	L71
   792 00000753                                 L35:
   793 00000753 81 FE 00000146                  	CMP	ESI,326
   794 00000759 0F 84 00000089                  	JE	L72
   795 0000075F                                 L36:
   796 0000075F 81 FE 000001FA                  	CMP	ESI,506
   797 00000765 74 72                           	JE	L73
   798 00000767                                 L37:
   799 00000767 81 FE 000001FE                  	CMP	ESI,510
   800 0000076D 74 54                           	JE	L74
   801 0000076F                                 L38:
   802 0000076F 83 BD FFFFFBE4 00               	CMP	DWORD [-1052+EBP],0
   803 00000776 78 29                           	JS	L39
   804 00000778 8B 85 FFFFFBE8                  	MOV	EAX,DWORD [-1048+EBP]
   805 0000077E 6A 2B                           	PUSH	43
   806 00000780 83 C0 07                        	ADD	EAX,7
   807 00000783 50                              	PUSH	EAX
   808 00000784 6A 1C                           	PUSH	28
   809 00000786 FF B5 FFFFFBE8                  	PUSH	DWORD [-1048+EBP]
   810 0000078C 0F B6 85 FFFFFBE4               	MOVZX	EAX,BYTE [-1052+EBP]
   811 00000793 50                              	PUSH	EAX
   812 00000794 FF 77 04                        	PUSH	DWORD [4+EDI]
   813 00000797 FF 37                           	PUSH	DWORD [EDI]
   814 00000799 E8 [00000000]                   	CALL	_boxfill8
   815 0000079E 83 C4 1C                        	ADD	ESP,28
   816 000007A1                                 L39:
   817 000007A1 8B 85 FFFFFBE8                  	MOV	EAX,DWORD [-1048+EBP]
   818 000007A7 6A 2C                           	PUSH	44
   819 000007A9 83 C0 08                        	ADD	EAX,8
   820 000007AC 50                              	PUSH	EAX
   821 000007AD 6A 1C                           	PUSH	28
   822 000007AF FF B5 FFFFFBE8                  	PUSH	DWORD [-1048+EBP]
   823 000007B5 57                              	PUSH	EDI
   824 000007B6 E8 [00000000]                   	CALL	_sheet_refresh
   825 000007BB 83 C4 14                        	ADD	ESP,20
   826 000007BE E9 FFFFFC9B                     	JMP	L2
   827 000007C3                                 L74:
   828 000007C3 E8 [00000000]                   	CALL	_wait_KBC_sendready
   829 000007C8 FF B5 FFFFFBB0                  	PUSH	DWORD [-1104+EBP]
   830 000007CE 6A 60                           	PUSH	96
   831 000007D0 E8 [00000000]                   	CALL	_io_out8
   832 000007D5 5E                              	POP	ESI
   833 000007D6 58                              	POP	EAX
   834 000007D7 EB 96                           	JMP	L38
   835 000007D9                                 L73:
   836 000007D9 C7 85 FFFFFBB0 FFFFFFFF         	MOV	DWORD [-1104+EBP],-1
   837 000007E3 E9 FFFFFF7F                     	JMP	L37
   838 000007E8                                 L72:
   839 000007E8 68 000000ED                     	PUSH	237
   840 000007ED 8D 5D B4                        	LEA	EBX,DWORD [-76+EBP]
   841 000007F0 53                              	PUSH	EBX
   842 000007F1 83 B5 FFFFFBB4 01               	XOR	DWORD [-1100+EBP],1
   843 000007F8 E8 [00000000]                   	CALL	_fifo32_put
   844 000007FD FF B5 FFFFFBB4                  	PUSH	DWORD [-1100+EBP]
   845 00000803 53                              	PUSH	EBX
   846 00000804 E8 [00000000]                   	CALL	_fifo32_put
   847 00000809 83 C4 10                        	ADD	ESP,16
   848 0000080C E9 FFFFFF4E                     	JMP	L36
   849 00000811                                 L71:
   850 00000811 68 000000ED                     	PUSH	237
   851 00000816 8D 5D B4                        	LEA	EBX,DWORD [-76+EBP]
   852 00000819 53                              	PUSH	EBX
   853 0000081A 83 B5 FFFFFBB4 02               	XOR	DWORD [-1100+EBP],2
   854 00000821 E8 [00000000]                   	CALL	_fifo32_put
   855 00000826 FF B5 FFFFFBB4                  	PUSH	DWORD [-1100+EBP]
   856 0000082C 53                              	PUSH	EBX
   857 0000082D E8 [00000000]                   	CALL	_fifo32_put
   858 00000832 83 C4 10                        	ADD	ESP,16
   859 00000835 E9 FFFFFF19                     	JMP	L35
   860 0000083A                                 L70:
   861 0000083A 68 000000ED                     	PUSH	237
   862 0000083F 8D 5D B4                        	LEA	EBX,DWORD [-76+EBP]
   863 00000842 53                              	PUSH	EBX
   864 00000843 83 B5 FFFFFBB4 04               	XOR	DWORD [-1100+EBP],4
   865 0000084A E8 [00000000]                   	CALL	_fifo32_put
   866 0000084F FF B5 FFFFFBB4                  	PUSH	DWORD [-1100+EBP]
   867 00000855 53                              	PUSH	EBX
   868 00000856 E8 [00000000]                   	CALL	_fifo32_put
   869 0000085B 83 C4 10                        	ADD	ESP,16
   870 0000085E E9 FFFFFEE4                     	JMP	L34
   871 00000863                                 L69:
   872 00000863 83 A5 FFFFFBB8 FD               	AND	DWORD [-1096+EBP],-3
   873 0000086A E9 FFFFFECC                     	JMP	L33
   874 0000086F                                 L68:
   875 0000086F 83 A5 FFFFFBB8 FE               	AND	DWORD [-1096+EBP],-2
   876 00000876 E9 FFFFFEB4                     	JMP	L32
   877 0000087B                                 L67:
   878 0000087B 83 8D FFFFFBB8 02               	OR	DWORD [-1096+EBP],2
   879 00000882 E9 FFFFFE9C                     	JMP	L31
   880 00000887                                 L66:
   881 00000887 83 8D FFFFFBB8 01               	OR	DWORD [-1096+EBP],1
   882 0000088E E9 FFFFFE84                     	JMP	L30
   883 00000893                                 L65:
   884 00000893 83 BD FFFFFBBC 00               	CMP	DWORD [-1092+EBP],0
   885 0000089A 0F 85 000000A7                  	JNE	L28
   886 000008A0 6A 00                           	PUSH	0
   887 000008A2 68 [00000108]                   	PUSH	LC1
   888 000008A7 FF 77 04                        	PUSH	DWORD [4+EDI]
   889 000008AA FF B5 FFFFFBDC                  	PUSH	DWORD [-1060+EBP]
   890 000008B0 C7 85 FFFFFBBC 00000001         	MOV	DWORD [-1092+EBP],1
   891 000008BA E8 [00000000]                   	CALL	_make_wtitle8
   892 000008BF 8B 95 FFFFFBCC                  	MOV	EDX,DWORD [-1076+EBP]
   893 000008C5 6A 01                           	PUSH	1
   894 000008C7 68 [00000100]                   	PUSH	LC0
   895 000008CC FF 72 04                        	PUSH	DWORD [4+EDX]
   896 000008CF FF B5 FFFFFBD8                  	PUSH	DWORD [-1064+EBP]
   897 000008D5 E8 [00000000]                   	CALL	_make_wtitle8
   898 000008DA 8B 85 FFFFFBE8                  	MOV	EAX,DWORD [-1048+EBP]
   899 000008E0 83 C4 20                        	ADD	ESP,32
   900 000008E3 83 C0 07                        	ADD	EAX,7
   901 000008E6 C7 85 FFFFFBE4 FFFFFFFF         	MOV	DWORD [-1052+EBP],-1
   902 000008F0 6A 2B                           	PUSH	43
   903 000008F2 50                              	PUSH	EAX
   904 000008F3 6A 1C                           	PUSH	28
   905 000008F5 FF B5 FFFFFBE8                  	PUSH	DWORD [-1048+EBP]
   906 000008FB 6A 07                           	PUSH	7
   907 000008FD FF 77 04                        	PUSH	DWORD [4+EDI]
   908 00000900 FF 37                           	PUSH	DWORD [EDI]
   909 00000902 E8 [00000000]                   	CALL	_boxfill8
   910 00000907 8B 85 FFFFFBC4                  	MOV	EAX,DWORD [-1084+EBP]
   911 0000090D 6A 02                           	PUSH	2
   912 0000090F 83 C0 10                        	ADD	EAX,16
   913 00000912 50                              	PUSH	EAX
   914 00000913 E8 [00000000]                   	CALL	_fifo32_put
   915 00000918 83 C4 24                        	ADD	ESP,36
   916 0000091B                                 L29:
   917 0000091B 6A 15                           	PUSH	21
   918 0000091D FF 77 04                        	PUSH	DWORD [4+EDI]
   919 00000920 6A 00                           	PUSH	0
   920 00000922 6A 00                           	PUSH	0
   921 00000924 57                              	PUSH	EDI
   922 00000925 E8 [00000000]                   	CALL	_sheet_refresh
   923 0000092A 8B 95 FFFFFBCC                  	MOV	EDX,DWORD [-1076+EBP]
   924 00000930 6A 15                           	PUSH	21
   925 00000932 FF 72 04                        	PUSH	DWORD [4+EDX]
   926 00000935 6A 00                           	PUSH	0
   927 00000937 6A 00                           	PUSH	0
   928 00000939 52                              	PUSH	EDX
   929 0000093A E8 [00000000]                   	CALL	_sheet_refresh
   930 0000093F 83 C4 28                        	ADD	ESP,40
   931 00000942 E9 FFFFFDC4                     	JMP	L27
   932 00000947                                 L28:
   933 00000947 6A 01                           	PUSH	1
   934 00000949 68 [00000108]                   	PUSH	LC1
   935 0000094E FF 77 04                        	PUSH	DWORD [4+EDI]
   936 00000951 FF B5 FFFFFBDC                  	PUSH	DWORD [-1060+EBP]
   937 00000957 C7 85 FFFFFBBC 00000000         	MOV	DWORD [-1092+EBP],0
   938 00000961 E8 [00000000]                   	CALL	_make_wtitle8
   939 00000966 8B 85 FFFFFBCC                  	MOV	EAX,DWORD [-1076+EBP]
   940 0000096C 6A 00                           	PUSH	0
   941 0000096E 68 [00000100]                   	PUSH	LC0
   942 00000973 FF 70 04                        	PUSH	DWORD [4+EAX]
   943 00000976 FF B5 FFFFFBD8                  	PUSH	DWORD [-1064+EBP]
   944 0000097C E8 [00000000]                   	CALL	_make_wtitle8
   945 00000981 8B 85 FFFFFBC4                  	MOV	EAX,DWORD [-1084+EBP]
   946 00000987 83 C4 20                        	ADD	ESP,32
   947 0000098A 83 C0 10                        	ADD	EAX,16
   948 0000098D C7 85 FFFFFBE4 00000000         	MOV	DWORD [-1052+EBP],0
   949 00000997 6A 03                           	PUSH	3
   950 00000999 50                              	PUSH	EAX
   951 0000099A E8 [00000000]                   	CALL	_fifo32_put
   952 0000099F 58                              	POP	EAX
   953 000009A0 5A                              	POP	EDX
   954 000009A1 E9 FFFFFF75                     	JMP	L29
   955 000009A6                                 L64:
   956 000009A6 83 BD FFFFFBBC 00               	CMP	DWORD [-1092+EBP],0
   957 000009AD 0F 84 FFFFFD4C                  	JE	L25
   958 000009B3 8B 85 FFFFFBC4                  	MOV	EAX,DWORD [-1084+EBP]
   959 000009B9 68 0000010A                     	PUSH	266
   960 000009BE 83 C0 10                        	ADD	EAX,16
   961 000009C1 50                              	PUSH	EAX
   962 000009C2 E8 [00000000]                   	CALL	_fifo32_put
   963 000009C7 59                              	POP	ECX
   964 000009C8 5B                              	POP	EBX
   965 000009C9 E9 FFFFFD31                     	JMP	L25
   966 000009CE                                 L63:
   967 000009CE 83 BD FFFFFBBC 00               	CMP	DWORD [-1092+EBP],0
   968 000009D5 75 35                           	JNE	L22
   969 000009D7 83 BD FFFFFBE8 08               	CMP	DWORD [-1048+EBP],8
   970 000009DE 0F 8E FFFFFD0F                  	JLE	L21
   971 000009E4 6A 01                           	PUSH	1
   972 000009E6 68 [0000010F]                   	PUSH	LC2
   973 000009EB 6A 07                           	PUSH	7
   974 000009ED 6A 00                           	PUSH	0
   975 000009EF 6A 1C                           	PUSH	28
   976 000009F1 FF B5 FFFFFBE8                  	PUSH	DWORD [-1048+EBP]
   977 000009F7 57                              	PUSH	EDI
   978 000009F8 E8 [00000000]                   	CALL	_putfonts8_asc_sht
   979 000009FD 83 C4 1C                        	ADD	ESP,28
   980 00000A00 83 AD FFFFFBE8 08               	SUB	DWORD [-1048+EBP],8
   981 00000A07 E9 FFFFFCE7                     	JMP	L21
   982 00000A0C                                 L22:
   983 00000A0C 8B 85 FFFFFBC4                  	MOV	EAX,DWORD [-1084+EBP]
   984 00000A12 68 00000108                     	PUSH	264
   985 00000A17 83 C0 10                        	ADD	EAX,16
   986 00000A1A 50                              	PUSH	EAX
   987 00000A1B E8 [00000000]                   	CALL	_fifo32_put
   988 00000A20 58                              	POP	EAX
   989 00000A21 5A                              	POP	EDX
   990 00000A22 E9 FFFFFCCC                     	JMP	L21
   991 00000A27                                 L18:
   992 00000A27 0F BE C0                        	MOVSX	EAX,AL
   993 00000A2A 05 00000100                     	ADD	EAX,256
   994 00000A2F 50                              	PUSH	EAX
   995 00000A30 8B 85 FFFFFBC4                  	MOV	EAX,DWORD [-1084+EBP]
   996 00000A36 83 C0 10                        	ADD	EAX,16
   997 00000A39 50                              	PUSH	EAX
   998 00000A3A E8 [00000000]                   	CALL	_fifo32_put
   999 00000A3F 59                              	POP	ECX
  1000 00000A40 5B                              	POP	EBX
  1001 00000A41 E9 FFFFFCA1                     	JMP	L17
  1002 00000A46                                 L15:
  1003 00000A46 8D 42 20                        	LEA	EAX,DWORD [32+EDX]
  1004 00000A49 88 45 84                        	MOV	BYTE [-124+EBP],AL
  1005 00000A4C E9 FFFFFC53                     	JMP	L13
  1006 00000A51                                 L55:
  1007 00000A51 83 BD FFFFFBB8 00               	CMP	DWORD [-1096+EBP],0
  1008 00000A58 0F 84 FFFFFC46                  	JE	L13
  1009 00000A5E EB E6                           	JMP	L15
  1010 00000A60                                 L10:
  1011 00000A60 8A 86 [FFFFFF80]                	MOV	AL,BYTE [_keytable1.1-256+ESI]
  1012 00000A66 E9 FFFFFC0F                     	JMP	L56
  1013 00000A6B                                 L9:
  1014 00000A6B C6 45 84 00                     	MOV	BYTE [-124+EBP],0
  1015 00000A6F E9 FFFFFC09                     	JMP	L12
  1016 00000A74                                 L58:
  1017 00000A74 FF B5 FFFFFBC8                  	PUSH	DWORD [-1080+EBP]
  1018 00000A7A E8 [00000000]                   	CALL	_task_sleep
  1019 00000A7F E8 [00000000]                   	CALL	_io_sti
  1020 00000A84 59                              	POP	ECX
  1021 00000A85 E9 FFFFF9D4                     	JMP	L2
  1022 00000A8A                                 L57:
  1023 00000A8A 53                              	PUSH	EBX
  1024 00000A8B E8 [00000000]                   	CALL	_fifo32_get
  1025 00000A90 89 85 FFFFFBB0                  	MOV	DWORD [-1104+EBP],EAX
  1026 00000A96 E8 [00000000]                   	CALL	_wait_KBC_sendready
  1027 00000A9B FF B5 FFFFFBB0                  	PUSH	DWORD [-1104+EBP]
  1028 00000AA1 6A 60                           	PUSH	96
  1029 00000AA3 E8 [00000000]                   	CALL	_io_out8
  1030 00000AA8 83 C4 0C                        	ADD	ESP,12
  1031 00000AAB E9 FFFFF9C9                     	JMP	L5
